2023-09-13T08:48:52+00:00 CRITICAL Maximum execution time of 120 seconds exceeded in C:\xampp\htdocs\wordpress\wp-content\plugins\woocommerce\includes\class-wc-autoloader.php on line 100

2023-09-13T08:48:54+00:00 CRITICAL Maximum execution time of 120 seconds exceeded in C:\xampp\htdocs\wordpress\wp-includes\class-wpdb.php on line 2459

2023-09-13T08:48:54+00:00 CRITICAL Maximum execution time of 120 seconds exceeded in C:\xampp\htdocs\wordpress\wp-includes\class-wpdb.php on line 2459

2023-09-13T08:49:13+00:00 CRITICAL Maximum execution time of 120 seconds exceeded in C:\xampp\htdocs\wordpress\wp-content\plugins\ti-woocommerce-wishlist\integrations\pw-woocommerce-gift-cards.php on line 16

2023-09-13T08:49:58+00:00 CRITICAL Maximum execution time of 120 seconds exceeded in C:\xampp\htdocs\wordpress\wp-content\plugins\elementor\includes\autoloader.php on line 293

2023-09-13T08:50:47+00:00 CRITICAL Maximum execution time of 120 seconds exceeded in C:\xampp\htdocs\wordpress\wp-content\plugins\woocommerce\vendor\jetpack-autoloader\class-php-autoloader.php on line 91

2023-09-13T08:51:14+00:00 CRITICAL Maximum execution time of 120 seconds exceeded in C:\xampp\htdocs\wordpress\wp-content\plugins\woocommerce\packages\woocommerce-blocks\src\Assets\Api.php on line 97

2023-09-13T08:52:58+00:00 CRITICAL Maximum execution time of 120 seconds exceeded in C:\xampp\htdocs\wordpress\wp-content\themes\woostify\assets\svg\svgs.json on line 1

2023-09-13T08:53:02+00:00 CRITICAL Maximum execution time of 120 seconds exceeded in C:\xampp\htdocs\wordpress\wp-content\plugins\wpforms-lite\src\Admin\Tools\Importers\ContactForm7.php on line 10

2023-09-13T08:53:15+00:00 CRITICAL Maximum execution time of 120 seconds exceeded in C:\xampp\htdocs\wordpress\wp-content\plugins\woocommerce\packages\action-scheduler\classes\ActionScheduler_Compatibility.php on line 48

2023-09-13T08:54:31+00:00 CRITICAL Maximum execution time of 120 seconds exceeded in C:\xampp\htdocs\wordpress\wp-includes\class-wpdb.php on line 2459

2023-09-13T08:54:47+00:00 CRITICAL Maximum execution time of 120 seconds exceeded in C:\xampp\htdocs\wordpress\wp-includes\Requests\src\Transport\Curl.php on line 205

2023-09-13T08:56:27+00:00 CRITICAL Maximum execution time of 120 seconds exceeded in C:\xampp\htdocs\wordpress\wp-includes\class-wpdb.php on line 2459

2023-09-13T08:56:27+00:00 CRITICAL Maximum execution time of 120 seconds exceeded in C:\xampp\htdocs\wordpress\wp-content\plugins\wpforms-lite\src\Integrations\DefaultThemes\DefaultThemes.php on line 12

2023-09-13T08:56:30+00:00 CRITICAL Maximum execution time of 120 seconds exceeded in C:\xampp\htdocs\wordpress\wp-content\plugins\ti-woocommerce-wishlist\ti-woocommerce-wishlist.php on line 83

2023-09-13T08:56:32+00:00 CRITICAL Maximum execution time of 120 seconds exceeded in C:\xampp\htdocs\wordpress\wp-includes\class-wpdb.php on line 2459

2023-09-13T08:56:33+00:00 CRITICAL Maximum execution time of 120 seconds exceeded in C:\xampp\htdocs\wordpress\wp-includes\class-wpdb.php on line 2459

2023-09-13T08:56:33+00:00 CRITICAL Maximum execution time of 120 seconds exceeded in C:\xampp\htdocs\wordpress\wp-content\plugins\ti-woocommerce-wishlist\ti-woocommerce-wishlist.php on line 166

2023-09-13T08:56:34+00:00 CRITICAL Maximum execution time of 120 seconds exceeded in C:\xampp\htdocs\wordpress\wp-content\plugins\ti-woocommerce-wishlist\admin\basestyle.helper.php on line 26

2023-09-13T08:56:35+00:00 CRITICAL Maximum execution time of 120 seconds exceeded in C:\xampp\htdocs\wordpress\wp-content\plugins\ti-woocommerce-wishlist\integrations\gift-cards-for-woocommerce.php on line 16

2023-09-13T08:56:35+00:00 CRITICAL Maximum execution time of 120 seconds exceeded in C:\xampp\htdocs\wordpress\wp-content\plugins\ti-woocommerce-wishlist\integrations\hide-price-add-to-cart-button.php on line 16

2023-09-13T08:56:36+00:00 CRITICAL Maximum execution time of 120 seconds exceeded in C:\xampp\htdocs\wordpress\wp-content\plugins\ti-woocommerce-wishlist\integrations\mycred.php on line 16

2023-09-13T08:56:38+00:00 CRITICAL Maximum execution time of 120 seconds exceeded in C:\xampp\htdocs\wordpress\wp-content\plugins\ti-woocommerce-wishlist\integrations\theme-flatsome.php on line 16

2023-09-13T08:56:52+00:00 CRITICAL Maximum execution time of 120 seconds exceeded in C:\xampp\htdocs\wordpress\wp-content\plugins\elementor\core\settings\base\manager.php on line 7

2023-09-13T08:56:52+00:00 CRITICAL Maximum execution time of 120 seconds exceeded in C:\xampp\htdocs\wordpress\wp-content\plugins\elementor\core\base\db-upgrades-manager.php on line 8

2023-09-13T08:58:02+00:00 CRITICAL Maximum execution time of 120 seconds exceeded in C:\xampp\htdocs\wordpress\wp-content\plugins\pymntpl-paypal-woocommerce\vendor\composer\ClassLoader.php on line 507

2023-09-13T08:58:43+00:00 CRITICAL Maximum execution time of 120 seconds exceeded in C:\xampp\htdocs\wordpress\wp-content\plugins\woocommerce\packages\woocommerce-blocks\build\all-products.asset.php on line 1

2023-09-13T08:58:51+00:00 CRITICAL Maximum execution time of 120 seconds exceeded in C:\xampp\htdocs\wordpress\wp-content\plugins\woocommerce\packages\woocommerce-blocks\src\BlockTypes\AbstractBlock.php on line 65

2023-09-13T08:59:27+00:00 CRITICAL Maximum execution time of 120 seconds exceeded in C:\xampp\htdocs\wordpress\wp-content\plugins\woocommerce\packages\action-scheduler\classes\abstracts\ActionScheduler_Abstract_Schedule.php on line 6

2023-09-13T09:01:19+00:00 CRITICAL Maximum execution time of 120 seconds exceeded in C:\xampp\htdocs\wordpress\wp-includes\update.php on line 851

2023-09-13T09:02:34+00:00 CRITICAL Maximum execution time of 120 seconds exceeded in C:\xampp\htdocs\wordpress\wp-admin\includes\class-wp-site-health-auto-updates.php on line 367

2023-09-13T10:21:55+00:00 CRITICAL Maximum execution time of 120 seconds exceeded in C:\xampp\htdocs\wordpress\wp-content\plugins\elementor\core\document-types\page-base.php on line 10

2023-09-13T10:25:20+00:00 CRITICAL Maximum execution time of 120 seconds exceeded in C:\xampp\htdocs\wordpress\wp-content\plugins\woocommerce\src\Internal\Admin\WCAdminSharedSettings.php on line 8

2023-09-13T10:25:20+00:00 CRITICAL Maximum execution time of 120 seconds exceeded in C:\xampp\htdocs\wordpress\wp-content\plugins\woocommerce\src\Internal\Admin\WCAdminAssets.php on line 37

2023-09-13T10:25:21+00:00 CRITICAL Maximum execution time of 120 seconds exceeded in C:\xampp\htdocs\wordpress\wp-content\plugins\woocommerce\src\Internal\Admin\WCAdminAssets.php on line 37

2023-09-13T10:25:26+00:00 CRITICAL Maximum execution time of 120 seconds exceeded in C:\xampp\htdocs\wordpress\wp-content\plugins\woocommerce\packages\woocommerce-blocks\src\Registry\Container.php on line 87

2023-09-13T10:25:52+00:00 CRITICAL Maximum execution time of 120 seconds exceeded in C:\xampp\htdocs\wordpress\wp-content\plugins\ti-woocommerce-wishlist\admin\tinvwl.class.php on line 10

2023-09-13T10:26:53+00:00 CRITICAL Maximum execution time of 120 seconds exceeded in C:\xampp\htdocs\wordpress\wp-includes\pomo\mo.php on line 285

2023-09-13T10:27:15+00:00 CRITICAL Maximum execution time of 120 seconds exceeded in C:\xampp\htdocs\wordpress\wp-content\plugins\elementor\core\base\background-process\wp-background-process.php on line 4

2023-09-13T10:27:21+00:00 CRITICAL Maximum execution time of 120 seconds exceeded in C:\xampp\htdocs\wordpress\wp-includes\functions.php on line 4570

2023-09-13T10:27:28+00:00 CRITICAL Maximum execution time of 120 seconds exceeded in C:\xampp\htdocs\wordpress\wp-content\plugins\woocommerce\src\Admin\RemoteInboxNotifications\RemoteInboxNotificationsEngine.php on line 8

2023-09-13T11:33:25+00:00 CRITICAL Maximum execution time of 120 seconds exceeded in C:\xampp\htdocs\wordpress\wp-content\plugins\pymntpl-paypal-woocommerce\vendor\composer\ClassLoader.php on line 507

2023-09-13T12:00:14+00:00 CRITICAL Maximum execution time of 120 seconds exceeded in C:\xampp\htdocs\wordpress\wp-content\plugins\elementor\includes\template-library\sources\local.php on line 18

